2016-07-26 18:37:46,725 [AWT-EventQueue-0] INFO (XmlBeanDefinitionReader.java:323) - Loading XML bean definitions from URL [jar:file:/C:/Users/timotius.suwandi/git/han/han/lib/jasperreports-chart-themes-6.3.0.jar!/net/sf/jasperreports/chartthemes/spring/beans/chartThemesBeans.xml]
2016-07-26 18:37:46,976 [AWT-EventQueue-0] INFO (XmlBeanDefinitionReader.java:323) - Loading XML bean definitions from URL [jar:file:/C:/Users/timotius.suwandi/git/han/han/lib/jasperreports-chart-themes-6.3.0.jar!/net/sf/jasperreports/chartthemes/spring/beans/chartConstantsBean.xml]
2016-07-26 18:37:47,028 [AWT-EventQueue-0] INFO (XmlBeanDefinitionReader.java:323) - Loading XML bean definitions from URL [jar:file:/C:/Users/timotius.suwandi/git/han/han/lib/jasperreports-chart-themes-6.3.0.jar!/net/sf/jasperreports/chartthemes/spring/beans/defaultChartPropertiesBean.xml]
2016-07-26 18:37:47,042 [AWT-EventQueue-0] INFO (XmlBeanDefinitionReader.java:323) - Loading XML bean definitions from URL [jar:file:/C:/Users/timotius.suwandi/git/han/han/lib/jasperreports-chart-themes-6.3.0.jar!/net/sf/jasperreports/chartthemes/spring/beans/eyeCandySixtiesChartPropertiesBean.xml]
2016-07-26 18:37:47,056 [AWT-EventQueue-0] INFO (XmlBeanDefinitionReader.java:323) - Loading XML bean definitions from URL [jar:file:/C:/Users/timotius.suwandi/git/han/han/lib/jasperreports-chart-themes-6.3.0.jar!/net/sf/jasperreports/chartthemes/spring/beans/aegeanChartPropertiesBean.xml]
2016-07-26 18:41:30,304 [AWT-EventQueue-0] INFO (XmlBeanDefinitionReader.java:323) - Loading XML bean definitions from URL [jar:file:/C:/Users/timotius.suwandi/git/han/han/lib/jasperreports-chart-themes-6.3.0.jar!/net/sf/jasperreports/chartthemes/spring/beans/chartThemesBeans.xml]
2016-07-26 18:41:30,419 [AWT-EventQueue-0] INFO (XmlBeanDefinitionReader.java:323) - Loading XML bean definitions from URL [jar:file:/C:/Users/timotius.suwandi/git/han/han/lib/jasperreports-chart-themes-6.3.0.jar!/net/sf/jasperreports/chartthemes/spring/beans/chartConstantsBean.xml]
2016-07-26 18:41:30,470 [AWT-EventQueue-0] INFO (XmlBeanDefinitionReader.java:323) - Loading XML bean definitions from URL [jar:file:/C:/Users/timotius.suwandi/git/han/han/lib/jasperreports-chart-themes-6.3.0.jar!/net/sf/jasperreports/chartthemes/spring/beans/defaultChartPropertiesBean.xml]
2016-07-26 18:41:30,499 [AWT-EventQueue-0] INFO (XmlBeanDefinitionReader.java:323) - Loading XML bean definitions from URL [jar:file:/C:/Users/timotius.suwandi/git/han/han/lib/jasperreports-chart-themes-6.3.0.jar!/net/sf/jasperreports/chartthemes/spring/beans/eyeCandySixtiesChartPropertiesBean.xml]
2016-07-26 18:41:30,514 [AWT-EventQueue-0] INFO (XmlBeanDefinitionReader.java:323) - Loading XML bean definitions from URL [jar:file:/C:/Users/timotius.suwandi/git/han/han/lib/jasperreports-chart-themes-6.3.0.jar!/net/sf/jasperreports/chartthemes/spring/beans/aegeanChartPropertiesBean.xml]
2016-07-26 18:43:16,340 [AWT-EventQueue-0] INFO (XmlBeanDefinitionReader.java:323) - Loading XML bean definitions from URL [jar:file:/C:/Users/timotius.suwandi/git/han/han/lib/jasperreports-chart-themes-6.3.0.jar!/net/sf/jasperreports/chartthemes/spring/beans/chartThemesBeans.xml]
2016-07-26 18:43:16,458 [AWT-EventQueue-0] INFO (XmlBeanDefinitionReader.java:323) - Loading XML bean definitions from URL [jar:file:/C:/Users/timotius.suwandi/git/han/han/lib/jasperreports-chart-themes-6.3.0.jar!/net/sf/jasperreports/chartthemes/spring/beans/chartConstantsBean.xml]
2016-07-26 18:43:16,509 [AWT-EventQueue-0] INFO (XmlBeanDefinitionReader.java:323) - Loading XML bean definitions from URL [jar:file:/C:/Users/timotius.suwandi/git/han/han/lib/jasperreports-chart-themes-6.3.0.jar!/net/sf/jasperreports/chartthemes/spring/beans/defaultChartPropertiesBean.xml]
2016-07-26 18:43:16,523 [AWT-EventQueue-0] INFO (XmlBeanDefinitionReader.java:323) - Loading XML bean definitions from URL [jar:file:/C:/Users/timotius.suwandi/git/han/han/lib/jasperreports-chart-themes-6.3.0.jar!/net/sf/jasperreports/chartthemes/spring/beans/eyeCandySixtiesChartPropertiesBean.xml]
2016-07-26 18:43:16,537 [AWT-EventQueue-0] INFO (XmlBeanDefinitionReader.java:323) - Loading XML bean definitions from URL [jar:file:/C:/Users/timotius.suwandi/git/han/han/lib/jasperreports-chart-themes-6.3.0.jar!/net/sf/jasperreports/chartthemes/spring/beans/aegeanChartPropertiesBean.xml]
2016-07-26 18:43:58,200 [AWT-EventQueue-0] INFO (XmlBeanDefinitionReader.java:323) - Loading XML bean definitions from URL [jar:file:/C:/Users/timotius.suwandi/git/han/han/lib/jasperreports-chart-themes-6.3.0.jar!/net/sf/jasperreports/chartthemes/spring/beans/chartThemesBeans.xml]
2016-07-26 18:43:58,323 [AWT-EventQueue-0] INFO (XmlBeanDefinitionReader.java:323) - Loading XML bean definitions from URL [jar:file:/C:/Users/timotius.suwandi/git/han/han/lib/jasperreports-chart-themes-6.3.0.jar!/net/sf/jasperreports/chartthemes/spring/beans/chartConstantsBean.xml]
2016-07-26 18:43:58,376 [AWT-EventQueue-0] INFO (XmlBeanDefinitionReader.java:323) - Loading XML bean definitions from URL [jar:file:/C:/Users/timotius.suwandi/git/han/han/lib/jasperreports-chart-themes-6.3.0.jar!/net/sf/jasperreports/chartthemes/spring/beans/defaultChartPropertiesBean.xml]
2016-07-26 18:43:58,390 [AWT-EventQueue-0] INFO (XmlBeanDefinitionReader.java:323) - Loading XML bean definitions from URL [jar:file:/C:/Users/timotius.suwandi/git/han/han/lib/jasperreports-chart-themes-6.3.0.jar!/net/sf/jasperreports/chartthemes/spring/beans/eyeCandySixtiesChartPropertiesBean.xml]
2016-07-26 18:43:58,403 [AWT-EventQueue-0] INFO (XmlBeanDefinitionReader.java:323) - Loading XML bean definitions from URL [jar:file:/C:/Users/timotius.suwandi/git/han/han/lib/jasperreports-chart-themes-6.3.0.jar!/net/sf/jasperreports/chartthemes/spring/beans/aegeanChartPropertiesBean.xml]
2016-07-26 18:44:17,904 [AWT-EventQueue-0] INFO (XmlBeanDefinitionReader.java:323) - Loading XML bean definitions from URL [jar:file:/C:/Users/timotius.suwandi/git/han/han/lib/jasperreports-chart-themes-6.3.0.jar!/net/sf/jasperreports/chartthemes/spring/beans/chartThemesBeans.xml]
2016-07-26 18:44:18,024 [AWT-EventQueue-0] INFO (XmlBeanDefinitionReader.java:323) - Loading XML bean definitions from URL [jar:file:/C:/Users/timotius.suwandi/git/han/han/lib/jasperreports-chart-themes-6.3.0.jar!/net/sf/jasperreports/chartthemes/spring/beans/chartConstantsBean.xml]
2016-07-26 18:44:18,089 [AWT-EventQueue-0] INFO (XmlBeanDefinitionReader.java:323) - Loading XML bean definitions from URL [jar:file:/C:/Users/timotius.suwandi/git/han/han/lib/jasperreports-chart-themes-6.3.0.jar!/net/sf/jasperreports/chartthemes/spring/beans/defaultChartPropertiesBean.xml]
2016-07-26 18:44:18,102 [AWT-EventQueue-0] INFO (XmlBeanDefinitionReader.java:323) - Loading XML bean definitions from URL [jar:file:/C:/Users/timotius.suwandi/git/han/han/lib/jasperreports-chart-themes-6.3.0.jar!/net/sf/jasperreports/chartthemes/spring/beans/eyeCandySixtiesChartPropertiesBean.xml]
2016-07-26 18:44:18,115 [AWT-EventQueue-0] INFO (XmlBeanDefinitionReader.java:323) - Loading XML bean definitions from URL [jar:file:/C:/Users/timotius.suwandi/git/han/han/lib/jasperreports-chart-themes-6.3.0.jar!/net/sf/jasperreports/chartthemes/spring/beans/aegeanChartPropertiesBean.xml]
2016-07-26 18:44:59,952 [AWT-EventQueue-0] INFO (XmlBeanDefinitionReader.java:323) - Loading XML bean definitions from URL [jar:file:/C:/Users/timotius.suwandi/git/han/han/lib/jasperreports-chart-themes-6.3.0.jar!/net/sf/jasperreports/chartthemes/spring/beans/chartThemesBeans.xml]
2016-07-26 18:45:00,071 [AWT-EventQueue-0] INFO (XmlBeanDefinitionReader.java:323) - Loading XML bean definitions from URL [jar:file:/C:/Users/timotius.suwandi/git/han/han/lib/jasperreports-chart-themes-6.3.0.jar!/net/sf/jasperreports/chartthemes/spring/beans/chartConstantsBean.xml]
2016-07-26 18:45:00,122 [AWT-EventQueue-0] INFO (XmlBeanDefinitionReader.java:323) - Loading XML bean definitions from URL [jar:file:/C:/Users/timotius.suwandi/git/han/han/lib/jasperreports-chart-themes-6.3.0.jar!/net/sf/jasperreports/chartthemes/spring/beans/defaultChartPropertiesBean.xml]
2016-07-26 18:45:00,136 [AWT-EventQueue-0] INFO (XmlBeanDefinitionReader.java:323) - Loading XML bean definitions from URL [jar:file:/C:/Users/timotius.suwandi/git/han/han/lib/jasperreports-chart-themes-6.3.0.jar!/net/sf/jasperreports/chartthemes/spring/beans/eyeCandySixtiesChartPropertiesBean.xml]
2016-07-26 18:45:00,166 [AWT-EventQueue-0] INFO (XmlBeanDefinitionReader.java:323) - Loading XML bean definitions from URL [jar:file:/C:/Users/timotius.suwandi/git/han/han/lib/jasperreports-chart-themes-6.3.0.jar!/net/sf/jasperreports/chartthemes/spring/beans/aegeanChartPropertiesBean.xml]
2016-07-26 18:45:40,949 [AWT-EventQueue-0] INFO (XmlBeanDefinitionReader.java:323) - Loading XML bean definitions from URL [jar:file:/C:/Users/timotius.suwandi/git/han/han/lib/jasperreports-chart-themes-6.3.0.jar!/net/sf/jasperreports/chartthemes/spring/beans/chartThemesBeans.xml]
2016-07-26 18:45:41,065 [AWT-EventQueue-0] INFO (XmlBeanDefinitionReader.java:323) - Loading XML bean definitions from URL [jar:file:/C:/Users/timotius.suwandi/git/han/han/lib/jasperreports-chart-themes-6.3.0.jar!/net/sf/jasperreports/chartthemes/spring/beans/chartConstantsBean.xml]
2016-07-26 18:45:41,121 [AWT-EventQueue-0] INFO (XmlBeanDefinitionReader.java:323) - Loading XML bean definitions from URL [jar:file:/C:/Users/timotius.suwandi/git/han/han/lib/jasperreports-chart-themes-6.3.0.jar!/net/sf/jasperreports/chartthemes/spring/beans/defaultChartPropertiesBean.xml]
2016-07-26 18:45:41,134 [AWT-EventQueue-0] INFO (XmlBeanDefinitionReader.java:323) - Loading XML bean definitions from URL [jar:file:/C:/Users/timotius.suwandi/git/han/han/lib/jasperreports-chart-themes-6.3.0.jar!/net/sf/jasperreports/chartthemes/spring/beans/eyeCandySixtiesChartPropertiesBean.xml]
2016-07-26 18:45:41,148 [AWT-EventQueue-0] INFO (XmlBeanDefinitionReader.java:323) - Loading XML bean definitions from URL [jar:file:/C:/Users/timotius.suwandi/git/han/han/lib/jasperreports-chart-themes-6.3.0.jar!/net/sf/jasperreports/chartthemes/spring/beans/aegeanChartPropertiesBean.xml]
